2018-09-18T09:34:28.249Z - normal: Load ~/.CocosCreator/settings.json
2018-09-18T09:34:28.260Z - normal: checking language setting...
2018-09-18T09:34:28.261Z - normal: Language: zh
2018-09-18T09:34:30.920Z - success: protocol editor-framework registered
2018-09-18T09:34:30.920Z - success: protocol app registered
2018-09-18T09:34:30.921Z - success: protocol theme registered
2018-09-18T09:34:30.921Z - success: protocol packages registered
2018-09-18T09:34:30.921Z - success: protocol unpack registerred
2018-09-18T09:34:30.921Z - success: protocol disable-commonjs registerred
2018-09-18T09:34:31.149Z - normal: connected!
2018-09-18T09:34:31.151Z - normal: Check project E:\cocosCreator\CosProject\start_project\Start\complete_project\complete_project
2018-09-18T09:34:31.155Z - normal: Initializing project E:\cocosCreator\CosProject\start_project\Start\complete_project\complete_project
2018-09-18T09:34:31.162Z - normal: Initializing Cocos2d
2018-09-18T09:34:31.789Z - normal: Initializing Asset Database
2018-09-18T09:34:31.919Z - success: protocol uuid registerred
2018-09-18T09:34:31.920Z - success: protocol db registerred
2018-09-18T09:34:31.920Z - success: protocol thumbnail registerred
2018-09-18T09:34:31.920Z - normal: Loading editor/builtin packages
2018-09-18T09:34:32.342Z - success: assets loaded
2018-09-18T09:34:32.347Z - success: builder loaded
2018-09-18T09:34:32.354Z - success: cocos-analytics loaded
2018-09-18T09:34:32.362Z - success: console loaded
2018-09-18T09:34:32.473Z - success: fb-instant-games loaded
2018-09-18T09:34:32.485Z - success: hierarchy loaded
2018-09-18T09:34:32.492Z - success: inspector loaded
2018-09-18T09:34:32.495Z - success: keystore loaded
2018-09-18T09:34:32.505Z - success: node-library loaded
2018-09-18T09:34:32.509Z - success: package-asset loaded
2018-09-18T09:34:32.513Z - success: preferences loaded
2018-09-18T09:34:32.517Z - success: project-exporter loaded
2018-09-18T09:34:32.565Z - success: project-importer loaded
2018-09-18T09:34:32.571Z - success: project-settings loaded
2018-09-18T09:34:32.577Z - success: ui-kit loaded
2018-09-18T09:34:32.585Z - success: scene loaded
2018-09-18T09:34:32.588Z - success: sprite-editor loaded
2018-09-18T09:34:32.596Z - success: store loaded
2018-09-18T09:34:32.609Z - success: timeline loaded
2018-09-18T09:34:32.610Z - normal: Loading builtin packages
2018-09-18T09:34:32.618Z - success: asset-db-debugger loaded
2018-09-18T09:34:32.622Z - success: code-editor loaded
2018-09-18T09:34:32.623Z - success: color-picker loaded
2018-09-18T09:34:32.627Z - success: package-manager loaded
2018-09-18T09:34:32.629Z - success: qqplay-adapter loaded
2018-09-18T09:34:32.640Z - success: sdkbox loaded
2018-09-18T09:34:32.649Z - success: tester loaded
2018-09-18T09:34:32.654Z - success: ui-grid loaded
2018-09-18T09:34:32.658Z - success: ui-kit-preview-extra loaded
2018-09-18T09:34:32.662Z - success: ui-kit-preview loaded
2018-09-18T09:34:32.665Z - success: ui-tree loaded
2018-09-18T09:34:32.667Z - success: weapp-adapter loaded
2018-09-18T09:34:35.936Z - normal: Loading packages
2018-09-18T09:34:35.947Z - normal: Watching packages
2018-09-18T09:34:37.076Z - normal: Run Application
2018-09-18T09:34:40.310Z - success: preview server running at http://localhost:7456
2018-09-18T09:36:00.138Z - success: API data generated and copied to E:\cocosCreator\CosProject\start_project\Start\complete_project\complete_project\creator.d.ts
2018-09-18T09:36:18.805Z - success: VS Code extension installed to C:\Users\JACKY\.vscode\extensions
2018-09-18T09:36:20.837Z - success: API data generated and copied to E:\cocosCreator\CosProject\start_project\Start\complete_project\complete_project\creator.d.ts
